Build started 3/5/2015 11:01:08 PM.
     1>Project "Y:\GD\UCD\Casual Coding\ForFun\Sandbox\Sandbox.vcxproj" on node 2 (Build target(s)).
     1>ClCompile:
         X:\VS\VC\bin\CL.exe /c /ZI /nologo /W3 /WX- /sdl /Od /Oy- /D WIN32 /D _DEBUG /D _CONSOLE /D _LIB /D _UNICODE /D UNICODE /Gm /EHsc /RTC1 /MDd /GS /fp:precise /Zc:wchar_t /Zc:forScope /Yu"stdafx.h" /Fp"Debug\Sandbox.pch" /Fo"Debug\\" /Fd"Debug\vc120.pdb" /Gd /TP /analyze- /errorReport:prompt Sandbox.cpp
         Sandbox.cpp
     1>y:\gd\ucd\casual coding\forfun\sandbox\sandbox.cpp(68): error C4996: 'strtok': This function or variable may be unsafe. Consider using strtok_s instead. To disable deprecation, use _CRT_SECURE_NO_WARNINGS. See online help for details.
                 x:\vs\vc\include\string.h(204) : see declaration of 'strtok'
     1>y:\gd\ucd\casual coding\forfun\sandbox\sandbox.cpp(134): error C3867: 'Train::print': function call missing argument list; use '&Train::print' to create a pointer to member
     1>Done Building Project "Y:\GD\UCD\Casual Coding\ForFun\Sandbox\Sandbox.vcxproj" (Build target(s)) -- FAILED.

Build FAILED.

Time Elapsed 00:00:00.68
